AIzaSyBLE5WQUXGrV5WyodVf2Ei8lrGSb571Cvo
Server running on port 5004
MongoDB Connected
==================================================
EMAIL SENDING FAILED (Fallback to Mock)
Error: Invalid login: 535-5.7.8 Username and Password not accepted. For more information, go to
535 5.7.8  https://support.google.com/mail/?p=BadCredentials d2e1a72fcca58-7d151ad71a3sm19662350b3a.25 - gsmtp
To: curltest3@example.com
Subject: verification link for your account creation
HTML: 
  <!DOCTYPE html>
  <html lang="en">
  <head>
    <meta charset="UTF-8" />
    <meta http-equiv="X-UA-Compatible" content="IE=edge" />
    <meta name="viewport" content="width=device-width, initial-scale=1.0" />
    <title>Food Delivery App - Email Verification</title>
    <style>
      body {
        font-family: 'Segoe UI', Tahoma, Geneva, Verdana, sans-serif;
        background-color: #f6f8fb;
        margin: 0;
        padding: 0;
      }
      .container {
        max-width: 600px;
        margin: 40px auto;
        background: #ffffff;
        border-radius: 12px;
        box-shadow: 0 4px 15px rgba(0,0,0,0.1);
        overflow: hidden;
      }
      .header {
        background-color: #ff4d4f;
        color: #ffffff;
        text-align: center;
        padding: 20px;
      }
      .header h1 {
        margin: 0;
        font-size: 24px;
      }
      .content {
        padding: 30px;
        color: #333333;
      }
      .content h2 {
        margin-top: 0;
        font-size: 22px;
      }
      .verify-button {
        display: inline-block;
        background-color: #ff4d4f;
        color: white;
        padding: 12px 25px;
        border-radius: 6px;
        text-decoration: none;
        font-weight: bold;
        margin-top: 20px;
      }
      .verify-button:hover {
        background-color: #d9363e;
      }
      .footer {
        background-color: #fafafa;
        padding: 15px;
        text-align: center;
        font-size: 13px;
        color: #999999;
      }
    </style>
  </head>
  <body>
    <div class="container">
      <div class="header">
        <h1>Food Delivery App</h1>
      </div>
      <div class="content">
        <h2>Hello, Curl Test 3 👋</h2>
        <p>Thank you for signing up with <strong>Food Delivery App</strong>.</p>
        <p>To complete your registration and verify your email address (<b>curltest3@example.com</b>), please click the button below:</p>
        <p style="text-align: center;">
          <a href="http://localhost:5173/verify/b76c66c9badae15adfe02b4628c8d7c6f47bdec8117137d9eb8be9d2e968f42a" class="verify-button">Verify Email</a>
        </p>
        <p>If the button doesn’t work, copy and paste this link into your browser:</p>
        <p><a href="http://localhost:5173/verify/b76c66c9badae15adfe02b4628c8d7c6f47bdec8117137d9eb8be9d2e968f42a" target="_blank">http://localhost:5173/verify/b76c66c9badae15adfe02b4628c8d7c6f47bdec8117137d9eb8be9d2e968f42a</a></p>
        <p>This link will expire in <strong>15 minutes</strong>.</p>
      </div>
      <div class="footer">
        &copy; 2025 Food Delivery App. All rights reserved.
      </div>
    </div>
  </body>
  </html>
  
==================================================
Curl Test 3 curltest3@example.com password123 1234567890
==================================================
EMAIL SENDING FAILED (Fallback to Mock)
Error: Invalid login: 535-5.7.8 Username and Password not accepted. For more information, go to
535 5.7.8  https://support.google.com/mail/?p=BadCredentials d9443c01a7336-29bce477e94sm179879675ad.43 - gsmtp
To: browsertest@example.com
Subject: verification link for your account creation
HTML: 
  <!DOCTYPE html>
  <html lang="en">
  <head>
    <meta charset="UTF-8" />
    <meta http-equiv="X-UA-Compatible" content="IE=edge" />
    <meta name="viewport" content="width=device-width, initial-scale=1.0" />
    <title>Food Delivery App - Email Verification</title>
    <style>
      body {
        font-family: 'Segoe UI', Tahoma, Geneva, Verdana, sans-serif;
        background-color: #f6f8fb;
        margin: 0;
        padding: 0;
      }
      .container {
        max-width: 600px;
        margin: 40px auto;
        background: #ffffff;
        border-radius: 12px;
        box-shadow: 0 4px 15px rgba(0,0,0,0.1);
        overflow: hidden;
      }
      .header {
        background-color: #ff4d4f;
        color: #ffffff;
        text-align: center;
        padding: 20px;
      }
      .header h1 {
        margin: 0;
        font-size: 24px;
      }
      .content {
        padding: 30px;
        color: #333333;
      }
      .content h2 {
        margin-top: 0;
        font-size: 22px;
      }
      .verify-button {
        display: inline-block;
        background-color: #ff4d4f;
        color: white;
        padding: 12px 25px;
        border-radius: 6px;
        text-decoration: none;
        font-weight: bold;
        margin-top: 20px;
      }
      .verify-button:hover {
        background-color: #d9363e;
      }
      .footer {
        background-color: #fafafa;
        padding: 15px;
        text-align: center;
        font-size: 13px;
        color: #999999;
      }
    </style>
  </head>
  <body>
    <div class="container">
      <div class="header">
        <h1>Food Delivery App</h1>
      </div>
      <div class="content">
        <h2>Hello, Browser Test User 👋</h2>
        <p>Thank you for signing up with <strong>Food Delivery App</strong>.</p>
        <p>To complete your registration and verify your email address (<b>browsertest@example.com</b>), please click the button below:</p>
        <p style="text-align: center;">
          <a href="http://localhost:5173/verify/701ccd6ded20346248b3d54d4500aab143c3bd56ecb779f2a92e74e8948121b9" class="verify-button">Verify Email</a>
        </p>
        <p>If the button doesn’t work, copy and paste this link into your browser:</p>
        <p><a href="http://localhost:5173/verify/701ccd6ded20346248b3d54d4500aab143c3bd56ecb779f2a92e74e8948121b9" target="_blank">http://localhost:5173/verify/701ccd6ded20346248b3d54d4500aab143c3bd56ecb779f2a92e74e8948121b9</a></p>
        <p>This link will expire in <strong>15 minutes</strong>.</p>
      </div>
      <div class="footer">
        &copy; 2025 Food Delivery App. All rights reserved.
      </div>
    </div>
  </body>
  </html>
  
==================================================
Browser Test User browsertest@example.com password123 
==================================================
EMAIL SENDING FAILED (Fallback to Mock)
Error: Invalid login: 535-5.7.8 Username and Password not accepted. For more information, go to
535 5.7.8  https://support.google.com/mail/?p=BadCredentials d9443c01a7336-29bceb58fecsm184032425ad.95 - gsmtp
To: itsgeekyyashaswi@gmail.com
Subject: verification link for your account creation
HTML: 
  <!DOCTYPE html>
  <html lang="en">
  <head>
    <meta charset="UTF-8" />
    <meta http-equiv="X-UA-Compatible" content="IE=edge" />
    <meta name="viewport" content="width=device-width, initial-scale=1.0" />
    <title>Food Delivery App - Email Verification</title>
    <style>
      body {
        font-family: 'Segoe UI', Tahoma, Geneva, Verdana, sans-serif;
        background-color: #f6f8fb;
        margin: 0;
        padding: 0;
      }
      .container {
        max-width: 600px;
        margin: 40px auto;
        background: #ffffff;
        border-radius: 12px;
        box-shadow: 0 4px 15px rgba(0,0,0,0.1);
        overflow: hidden;
      }
      .header {
        background-color: #ff4d4f;
        color: #ffffff;
        text-align: center;
        padding: 20px;
      }
      .header h1 {
        margin: 0;
        font-size: 24px;
      }
      .content {
        padding: 30px;
        color: #333333;
      }
      .content h2 {
        margin-top: 0;
        font-size: 22px;
      }
      .verify-button {
        display: inline-block;
        background-color: #ff4d4f;
        color: white;
        padding: 12px 25px;
        border-radius: 6px;
        text-decoration: none;
        font-weight: bold;
        margin-top: 20px;
      }
      .verify-button:hover {
        background-color: #d9363e;
      }
      .footer {
        background-color: #fafafa;
        padding: 15px;
        text-align: center;
        font-size: 13px;
        color: #999999;
      }
    </style>
  </head>
  <body>
    <div class="container">
      <div class="header">
        <h1>Food Delivery App</h1>
      </div>
      <div class="content">
        <h2>Hello, yahshaswi sahu  👋</h2>
        <p>Thank you for signing up with <strong>Food Delivery App</strong>.</p>
        <p>To complete your registration and verify your email address (<b>itsgeekyyashaswi@gmail.com</b>), please click the button below:</p>
        <p style="text-align: center;">
          <a href="http://localhost:5173/verify/ea63f2000f50aeec2a681dca957fb0bab19351aa2e903f9566b71672f565fa77" class="verify-button">Verify Email</a>
        </p>
        <p>If the button doesn’t work, copy and paste this link into your browser:</p>
        <p><a href="http://localhost:5173/verify/ea63f2000f50aeec2a681dca957fb0bab19351aa2e903f9566b71672f565fa77" target="_blank">http://localhost:5173/verify/ea63f2000f50aeec2a681dca957fb0bab19351aa2e903f9566b71672f565fa77</a></p>
        <p>This link will expire in <strong>15 minutes</strong>.</p>
      </div>
      <div class="footer">
        &copy; 2025 Food Delivery App. All rights reserved.
      </div>
    </div>
  </body>
  </html>
  
==================================================
yahshaswi sahu  itsgeekyyashaswi@gmail.com Deadpool@123 8770800807
